C:\Users\Matt\Documents\VS Projects\PortfolioAPI\PortfolioAPI\ClientApp\dist\out-tsc\e2e\src\app.po.js
C:\Users\Matt\Documents\VS Projects\PortfolioAPI\PortfolioAPI\ClientApp\dist\out-tsc\e2e\src\app.po.js.map
C:\Users\Matt\Documents\VS Projects\PortfolioAPI\PortfolioAPI\ClientApp\dist\out-tsc\e2e\src\app.e2e-spec.js
C:\Users\Matt\Documents\VS Projects\PortfolioAPI\PortfolioAPI\ClientApp\dist\out-tsc\e2e\src\app.e2e-spec.js.map
C:\Users\Matt\Documents\VS Projects\PortfolioAPI\PortfolioAPI\ClientApp\dist\out-tsc\src\app\home\home.component.js
C:\Users\Matt\Documents\VS Projects\PortfolioAPI\PortfolioAPI\ClientApp\dist\out-tsc\src\app\home\home.component.js.map
C:\Users\Matt\Documents\VS Projects\PortfolioAPI\PortfolioAPI\ClientApp\dist\out-tsc\src\app\nav-menu\nav-menu.component.js
C:\Users\Matt\Documents\VS Projects\PortfolioAPI\PortfolioAPI\ClientApp\dist\out-tsc\src\app\nav-menu\nav-menu.component.js.map
C:\Users\Matt\Documents\VS Projects\PortfolioAPI\PortfolioAPI\ClientApp\dist\out-tsc\src\app\recipe.service.js
C:\Users\Matt\Documents\VS Projects\PortfolioAPI\PortfolioAPI\ClientApp\dist\out-tsc\src\app\recipe.service.js.map
C:\Users\Matt\Documents\VS Projects\PortfolioAPI\PortfolioAPI\ClientApp\dist\out-tsc\src\app\create-page\create-page.component.js
C:\Users\Matt\Documents\VS Projects\PortfolioAPI\PortfolioAPI\ClientApp\dist\out-tsc\src\app\create-page\create-page.component.js.map
C:\Users\Matt\Documents\VS Projects\PortfolioAPI\PortfolioAPI\ClientApp\dist\out-tsc\src\app\open-page\open-page.component.js
C:\Users\Matt\Documents\VS Projects\PortfolioAPI\PortfolioAPI\ClientApp\dist\out-tsc\src\app\open-page\open-page.component.js.map
C:\Users\Matt\Documents\VS Projects\PortfolioAPI\PortfolioAPI\ClientApp\dist\out-tsc\src\app\app-routing.module.js
C:\Users\Matt\Documents\VS Projects\PortfolioAPI\PortfolioAPI\ClientApp\dist\out-tsc\src\app\app-routing.module.js.map
C:\Users\Matt\Documents\VS Projects\PortfolioAPI\PortfolioAPI\ClientApp\dist\out-tsc\src\app\app.component.js
C:\Users\Matt\Documents\VS Projects\PortfolioAPI\PortfolioAPI\ClientApp\dist\out-tsc\src\app\app.component.js.map
C:\Users\Matt\Documents\VS Projects\PortfolioAPI\PortfolioAPI\ClientApp\dist\out-tsc\src\app\app.module.js
C:\Users\Matt\Documents\VS Projects\PortfolioAPI\PortfolioAPI\ClientApp\dist\out-tsc\src\app\app.module.js.map
C:\Users\Matt\Documents\VS Projects\PortfolioAPI\PortfolioAPI\ClientApp\dist\out-tsc\src\environments\environment.js
C:\Users\Matt\Documents\VS Projects\PortfolioAPI\PortfolioAPI\ClientApp\dist\out-tsc\src\environments\environment.js.map
C:\Users\Matt\Documents\VS Projects\PortfolioAPI\PortfolioAPI\ClientApp\dist\out-tsc\src\main.js
C:\Users\Matt\Documents\VS Projects\PortfolioAPI\PortfolioAPI\ClientApp\dist\out-tsc\src\main.js.map
C:\Users\Matt\Documents\VS Projects\PortfolioAPI\PortfolioAPI\ClientApp\dist\out-tsc\src\polyfills.js
C:\Users\Matt\Documents\VS Projects\PortfolioAPI\PortfolioAPI\ClientApp\dist\out-tsc\src\polyfills.js.map
C:\Users\Matt\Documents\VS Projects\PortfolioAPI\PortfolioAPI\ClientApp\dist\out-tsc\src\test.js
C:\Users\Matt\Documents\VS Projects\PortfolioAPI\PortfolioAPI\ClientApp\dist\out-tsc\src\test.js.map
C:\Users\Matt\Documents\VS Projects\PortfolioAPI\PortfolioAPI\ClientApp\dist\out-tsc\src\app\app.component.spec.js
C:\Users\Matt\Documents\VS Projects\PortfolioAPI\PortfolioAPI\ClientApp\dist\out-tsc\src\app\app.component.spec.js.map
C:\Users\Matt\Documents\VS Projects\PortfolioAPI\PortfolioAPI\ClientApp\dist\out-tsc\src\app\recipe.service.spec.js
C:\Users\Matt\Documents\VS Projects\PortfolioAPI\PortfolioAPI\ClientApp\dist\out-tsc\src\app\recipe.service.spec.js.map
C:\Users\Matt\Documents\VS Projects\PortfolioAPI\PortfolioAPI\ClientApp\dist\out-tsc\src\app\create-page\create-page.component.spec.js
C:\Users\Matt\Documents\VS Projects\PortfolioAPI\PortfolioAPI\ClientApp\dist\out-tsc\src\app\create-page\create-page.component.spec.js.map
C:\Users\Matt\Documents\VS Projects\PortfolioAPI\PortfolioAPI\ClientApp\dist\out-tsc\src\app\open-page\open-page.component.spec.js
C:\Users\Matt\Documents\VS Projects\PortfolioAPI\PortfolioAPI\ClientApp\dist\out-tsc\src\app\open-page\open-page.component.spec.js.map
C:\Users\Matt\Documents\VS Projects\PortfolioAPI\PortfolioAPI\ClientApp\dist\out-tsc\src\environments\environment.prod.js
C:\Users\Matt\Documents\VS Projects\PortfolioAPI\PortfolioAPI\ClientApp\dist\out-tsc\src\environments\environment.prod.js.map
